# JRE version: OpenJDK Runtime Environment Microsoft-8902769 (17.0.10+7) (build 17.0.10+7-LTS)
# Java VM: OpenJDK 64-Bit Server VM Microsoft-8902769 (17.0.10+7-LTS, mixed mode, sharing, tiered, compressed oops, compressed class ptrs, g1 gc, windows-amd64)
GC Precious Log:
 CPUs: 4 total, 4 available
 Memory: 7991M
 Large Page Support: Disabled
 NUMA Support: Disabled
 Compressed Oops: Enabled (32-bit)
 Heap Region Size: 1M
 Heap Min Capacity: 8M
 Heap Initial Capacity: 126M
 Heap Max Capacity: 1998M
 Pre-touch: Disabled
 Parallel Workers: 4
 Concurrent Workers: 1
 Concurrent Refinement Workers: 4
 Periodic GC: Disabled
Heap:
 garbage-first heap   total 182272K, used 96141K [0x0000000083200000, 0x0000000100000000)
  region size 1024K, 13 young (13312K), 6 survivors (6144K)
 Metaspace       used 59372K, committed 59584K, reserved 1114112K
  class space    used 6679K, committed 6784K, reserved 1048576K
GC Heap History (20 events):
Event: 18.891 GC heap before
{Heap before GC invocations=26 (full 0):
 garbage-first heap   total 89088K, used 68448K [0x0000000083200000, 0x0000000100000000)
  region size 1024K, 14 young (14336K), 2 survivors (2048K)
 Metaspace       used 49738K, committed 49920K, reserved 1114112K
  class space    used 5928K, committed 6016K, reserved 1048576K
}
Event: 18.900 GC heap after
{Heap after GC invocations=27 (full 0):
 garbage-first heap   total 89088K, used 58856K [0x0000000083200000, 0x0000000100000000)
  region size 1024K, 2 young (2048K), 2 survivors (2048K)
 Metaspace       used 49738K, committed 49920K, reserved 1114112K
  class space    used 5928K, committed 6016K, reserved 1048576K
}
Event: 20.144 GC heap before
{Heap before GC invocations=28 (full 0):
 garbage-first heap   total 101376K, used 70120K [0x0000000083200000, 0x0000000100000000)
  region size 1024K, 13 young (13312K), 2 survivors (2048K)
 Metaspace       used 51138K, committed 51392K, reserved 1114112K
  class space    used 6004K, committed 6144K, reserved 1048576K
}
Event: 20.155 GC heap after
{Heap after GC invocations=29 (full 0):
 garbage-first heap   total 101376K, used 61715K [0x0000000083200000, 0x0000000100000000)
  region size 1024K, 2 young (2048K), 2 survivors (2048K)
 Metaspace       used 51138K, committed 51392K, reserved 1114112K
  class space    used 6004K, committed 6144K, reserved 1048576K
}
Event: 21.495 GC heap before
{Heap before GC invocations=29 (full 0):
 garbage-first heap   total 101376K, used 77075K [0x0000000083200000, 0x0000000100000000)
  region size 1024K, 18 young (18432K), 2 survivors (2048K)
 Metaspace       used 53923K, committed 54208K, reserved 1114112K
  class space    used 6318K, committed 6464K, reserved 1048576K
}
Event: 21.505 GC heap after
{Heap after GC invocations=30 (full 0):
 garbage-first heap   total 101376K, used 63980K [0x0000000083200000, 0x0000000100000000)
  region size 1024K, 2 young (2048K), 2 survivors (2048K)
 Metaspace       used 53923K, committed 54208K, reserved 1114112K
  class space    used 6318K, committed 6464K, reserved 1048576K
}
Event: 22.270 GC heap before
{Heap before GC invocations=31 (full 0):
 garbage-first heap   total 111616K, used 80364K [0x0000000083200000, 0x0000000100000000)
  region size 1024K, 18 young (18432K), 2 survivors (2048K)
 Metaspace       used 54505K, committed 54784K, reserved 1114112K
  class space    used 6394K, committed 6528K, reserved 1048576K
}
Event: 22.283 GC heap after
{Heap after GC invocations=32 (full 0):
 garbage-first heap   total 111616K, used 68449K [0x0000000083200000, 0x0000000100000000)
  region size 1024K, 3 young (3072K), 3 survivors (3072K)
 Metaspace       used 54505K, committed 54784K, reserved 1114112K
  class space    used 6394K, committed 6528K, reserved 1048576K
}
Event: 22.353 GC heap before
{Heap before GC invocations=32 (full 0):
 garbage-first heap   total 111616K, used 70497K [0x0000000083200000, 0x0000000100000000)
  region size 1024K, 5 young (5120K), 3 survivors (3072K)
 Metaspace       used 54524K, committed 54784K, reserved 1114112K
  class space    used 6396K, committed 6528K, reserved 1048576K
}
Event: 22.364 GC heap after
{Heap after GC invocations=33 (full 0):
 garbage-first heap   total 111616K, used 68747K [0x0000000083200000, 0x0000000100000000)
  region size 1024K, 1 young (1024K), 1 survivors (1024K)
 Metaspace       used 54524K, committed 54784K, reserved 1114112K
  class space    used 6396K, committed 6528K, reserved 1048576K
}
Event: 24.282 GC heap before
{Heap before GC invocations=33 (full 0):
 garbage-first heap   total 111616K, used 87179K [0x0000000083200000, 0x0000000100000000)
  region size 1024K, 19 young (19456K), 1 survivors (1024K)
 Metaspace       used 55907K, committed 56192K, reserved 1114112K
  class space    used 6490K, committed 6592K, reserved 1048576K
}
Event: 24.292 GC heap after
{Heap after GC invocations=34 (full 0):
 garbage-first heap   total 182272K, used 72015K [0x0000000083200000, 0x0000000100000000)
  region size 1024K, 3 young (3072K), 3 survivors (3072K)
 Metaspace       used 55907K, committed 56192K, reserved 1114112K
  class space    used 6490K, committed 6592K, reserved 1048576K
}
Event: 30.077 GC heap before
{Heap before GC invocations=35 (full 0):
 garbage-first heap   total 182272K, used 128335K [0x0000000083200000, 0x0000000100000000)
  region size 1024K, 59 young (60416K), 3 survivors (3072K)
 Metaspace       used 57786K, committed 58112K, reserved 1114112K
  class space    used 6582K, committed 6720K, reserved 1048576K
}
Event: 30.106 GC heap after
{Heap after GC invocations=36 (full 0):
 garbage-first heap   total 182272K, used 79564K [0x0000000083200000, 0x0000000100000000)
  region size 1024K, 8 young (8192K), 8 survivors (8192K)
 Metaspace       used 57786K, committed 58112K, reserved 1114112K
  class space    used 6582K, committed 6720K, reserved 1048576K
}
Event: 30.240 GC heap before
{Heap before GC invocations=36 (full 0):
 garbage-first heap   total 182272K, used 80588K [0x0000000083200000, 0x0000000100000000)
  region size 1024K, 9 young (9216K), 8 survivors (8192K)
 Metaspace       used 57797K, committed 58112K, reserved 1114112K
  class space    used 6582K, committed 6720K, reserved 1048576K
}
Event: 30.253 GC heap after
{Heap after GC invocations=37 (full 0):
 garbage-first heap   total 182272K, used 80013K [0x0000000083200000, 0x0000000100000000)
  region size 1024K, 1 young (1024K), 1 survivors (1024K)
 Metaspace       used 57797K, committed 58112K, reserved 1114112K
  class space    used 6582K, committed 6720K, reserved 1048576K
}
Event: 35.773 GC heap before
{Heap before GC invocations=37 (full 0):
 garbage-first heap   total 182272K, used 133261K [0x0000000083200000, 0x0000000100000000)
  region size 1024K, 53 young (54272K), 1 survivors (1024K)
 Metaspace       used 58684K, committed 58944K, reserved 1114112K
  class space    used 6652K, committed 6784K, reserved 1048576K
}
Event: 35.783 GC heap after
{Heap after GC invocations=38 (full 0):
 garbage-first heap   total 182272K, used 84642K [0x0000000083200000, 0x0000000100000000)
  region size 1024K, 6 young (6144K), 6 survivors (6144K)
 Metaspace       used 58684K, committed 58944K, reserved 1114112K
  class space    used 6652K, committed 6784K, reserved 1048576K
}
Event: 39.622 GC heap before
{Heap before GC invocations=38 (full 0):
 garbage-first heap   total 182272K, used 136866K [0x0000000083200000, 0x0000000100000000)
  region size 1024K, 57 young (58368K), 6 survivors (6144K)
 Metaspace       used 59344K, committed 59584K, reserved 1114112K
  class space    used 6677K, committed 6784K, reserved 1048576K
}
Event: 39.645 GC heap after
{Heap after GC invocations=39 (full 0):
 garbage-first heap   total 182272K, used 89997K [0x0000000083200000, 0x0000000100000000)
  region size 1024K, 6 young (6144K), 6 survivors (6144K)
 Metaspace       used 59344K, committed 59584K, reserved 1114112K
  class space    used 6677K, committed 6784K, reserved 1048576K
}

